<?xml version="1.0" encoding="UTF-8"?>
<!-- Generated by org.testng.reporters.JUnitXMLReporter -->
<testsuite ignored="0" hostname="ASUS_VIVOBOOK" failures="0" tests="2" name="Default test" time="57.817" errors="0" timestamp="2025-07-21T18:41:22 IST">
  <testcase classname="com.myecommerceproject.testcases.EndToEndTest" name="selectCountry" time="23.023"/>
  <testcase classname="com.myecommerceproject.testcases.EndToEndTest" name="selectCountry" time="22.285"/>
</testsuite> <!-- Default test -->
