<?xml version="1.0" encoding="UTF-8"?>
<testng-results ignored="0" total="1" passed="1" failed="0" skipped="0">
  <reporter-output>
  </reporter-output>
  <suite started-at="2025-07-24T11:15:58 IST" name="Default suite" finished-at="2025-07-24T11:16:12 IST" duration-ms="13227">
    <groups>
    </groups>
    <test started-at="2025-07-24T11:15:58 IST" name="Default test" finished-at="2025-07-24T11:16:12 IST" duration-ms="13227">
      <class name="com.myecommerceproject.testcases.HomePageTest">
        <test-method is-config="true" signature="launchMyEcommerceWebSite()[pri:0, instance:com.myecommerceproject.testcases.HomePageTest@2cf3d63b]" started-at="2025-07-24T11:15:58 IST" name="launchMyEcommerceWebSite" finished-at="2025-07-24T11:16:03 IST" duration-ms="4919" status="PASS">
          <reporter-output>
          </reporter-output>
        </test-method> <!-- launchMyEcommerceWebSite -->
        <test-method signature="enterProductNameInSearchField()[pri:0, instance:com.myecommerceproject.testcases.HomePageTest@2cf3d63b]" started-at="2025-07-24T11:16:03 IST" name="enterProductNameInSearchField" finished-at="2025-07-24T11:16:11 IST" duration-ms="7307" status="PASS">
          <reporter-output>
          </reporter-output>
        </test-method> <!-- enterProductNameInSearchField -->
        <test-method is-config="true" signature="quitDriver()[pri:0, instance:com.myecommerceproject.testcases.HomePageTest@2cf3d63b]" started-at="2025-07-24T11:16:11 IST" name="quitDriver" finished-at="2025-07-24T11:16:12 IST" duration-ms="965" status="PASS">
          <reporter-output>
          </reporter-output>
        </test-method> <!-- quitDriver -->
      </class> <!-- com.myecommerceproject.testcases.HomePageTest -->
    </test> <!-- Default test -->
  </suite> <!-- Default suite -->
</testng-results>
